<?xml version="1.0" encoding="UTF-8"?>
<!-- Generated by org.testng.reporters.JUnitReportReporter -->
<testsuite hostname="KCs-Life" failures="0" tests="1" name="testcases.SearchFunctionalityTest" time="22.413" errors="0" timestamp="2025-01-14T21:52:06 GMT" skipped="0">
  <testcase classname="testcases.SearchFunctionalityTest" name="searchfunctionalityTest" time="22.413"/>
</testsuite> <!-- testcases.SearchFunctionalityTest -->
