<?xml version="1.0" encoding="UTF-8"?>
<!-- Generated by org.testng.reporters.JUnitReportReporter -->
<testsuite hostname="KCs-Life" failures="0" tests="1" name="testcases.SearchingforanonexistentqueryTest" time="8.912" errors="0" timestamp="2025-01-14T21:52:06 GMT" skipped="0">
  <testcase classname="testcases.SearchingforanonexistentqueryTest" name="searchfornonexistquery" time="8.912"/>
</testsuite> <!-- testcases.SearchingforanonexistentqueryTest -->
